<?xml version="1.0" encoding="UTF-8"?>
<testng-results skipped="0" failed="0" ignored="0" total="3" passed="3">
  <reporter-output>
  </reporter-output>
  <suite name="Suite" duration-ms="121774" started-at="2018-11-01T02:28:32Z" finished-at="2018-11-01T02:30:34Z">
    <groups>
    </groups>
    <test name="Test" duration-ms="35900" started-at="2018-11-01T02:28:32Z" finished-at="2018-11-01T02:29:08Z">
      <class name="testAutomation.AddAddress">
        <test-method status="PASS" signature="setDriver()[pri:0, instance:testAutomation.AddAddress@57baeedf]" name="setDriver" is-config="true" duration-ms="16683" started-at="2018-11-01T02:28:32Z" finished-at="2018-11-01T02:28:49Z">
          <reporter-output>
          </reporter-output>
        </test-method> <!-- setDriver -->
        <test-method status="PASS" signature="addNewAddress()[pri:0, instance:testAutomation.AddAddress@57baeedf]" name="addNewAddress" duration-ms="18286" started-at="2018-11-01T02:28:49Z" finished-at="2018-11-01T02:29:08Z">
          <reporter-output>
          </reporter-output>
        </test-method> <!-- addNewAddress -->
        <test-method status="PASS" signature="closeDriver()[pri:0, instance:testAutomation.AddAddress@57baeedf]" name="closeDriver" is-config="true" duration-ms="213" started-at="2018-11-01T02:29:08Z" finished-at="2018-11-01T02:29:08Z">
          <reporter-output>
          </reporter-output>
        </test-method> <!-- closeDriver -->
      </class> <!-- testAutomation.AddAddress -->
    </test> <!-- Test -->
    <test name="test1" duration-ms="53643" started-at="2018-11-01T02:29:09Z" finished-at="2018-11-01T02:30:02Z">
      <class name="testAutomation.FooterLinkOpen">
        <test-method status="PASS" signature="setDriver()[pri:0, instance:testAutomation.FooterLinkOpen@5f2108b5]" name="setDriver" is-config="true" duration-ms="3392" started-at="2018-11-01T02:29:09Z" finished-at="2018-11-01T02:29:12Z">
          <reporter-output>
          </reporter-output>
        </test-method> <!-- setDriver -->
        <test-method status="PASS" signature="linkOpen()[pri:0, instance:testAutomation.FooterLinkOpen@5f2108b5]" name="linkOpen" duration-ms="49578" started-at="2018-11-01T02:29:12Z" finished-at="2018-11-01T02:30:02Z">
          <reporter-output>
          </reporter-output>
        </test-method> <!-- linkOpen -->
        <test-method status="PASS" signature="closeDriver()[pri:0, instance:testAutomation.FooterLinkOpen@5f2108b5]" name="closeDriver" is-config="true" duration-ms="660" started-at="2018-11-01T02:30:02Z" finished-at="2018-11-01T02:30:02Z">
          <reporter-output>
          </reporter-output>
        </test-method> <!-- closeDriver -->
      </class> <!-- testAutomation.FooterLinkOpen -->
    </test> <!-- test1 -->
    <test name="test2" duration-ms="31513" started-at="2018-11-01T02:30:02Z" finished-at="2018-11-01T02:30:34Z">
      <class name="testAutomation.Homepage">
        <test-method status="PASS" signature="setDriver()[pri:0, instance:testAutomation.Homepage@6e1567f1]" name="setDriver" is-config="true" duration-ms="3671" started-at="2018-11-01T02:30:02Z" finished-at="2018-11-01T02:30:06Z">
          <reporter-output>
          </reporter-output>
        </test-method> <!-- setDriver -->
        <test-method status="PASS" signature="baseNavigation(java.lang.String, java.lang.String)[pri:0, instance:testAutomation.Homepage@6e1567f1]" name="baseNavigation" duration-ms="27715" started-at="2018-11-01T02:30:06Z" data-provider="getData" finished-at="2018-11-01T02:30:34Z">
          <params>
            <param index="0">
              <value>
                <![CDATA[demouser12@gmail.com]]>
              </value>
            </param>
            <param index="1">
              <value>
                <![CDATA[test1234]]>
              </value>
            </param>
          </params>
          <reporter-output>
          </reporter-output>
        </test-method> <!-- baseNavigation -->
        <test-method status="PASS" signature="closeDriver()[pri:0, instance:testAutomation.Homepage@6e1567f1]" name="closeDriver" is-config="true" duration-ms="105" started-at="2018-11-01T02:30:34Z" finished-at="2018-11-01T02:30:34Z">
          <reporter-output>
          </reporter-output>
        </test-method> <!-- closeDriver -->
      </class> <!-- testAutomation.Homepage -->
    </test> <!-- test2 -->
  </suite> <!-- Suite -->
</testng-results>
